<?xml version="1.0" encoding="UTF-8"?>
<!-- Generated by org.testng.reporters.JUnitReportReporter -->
<testsuite hostname="LAPTOP-INQHA09L" failures="0" tests="1" name="Pagination.HandlingPagination_KrishnaSakinala" time="9.796" errors="0" timestamp="2022-01-20T18:07:06 IST" skipped="0">
  <testcase classname="Pagination.HandlingPagination_KrishnaSakinala" name="HandlingPagination" time="9.796"/>
  <system-out/>
</testsuite> <!-- Pagination.HandlingPagination_KrishnaSakinala -->
