<?xml version="1.0" encoding="UTF-8"?>
<!-- Generated by org.testng.reporters.JUnitReportReporter -->
<testsuite hostname="LAPTOP-INQHA09L" failures="0" tests="6" name="DataProviderInTestng.DataProviderWithExcelTest" time="0.011" errors="0" timestamp="2022-04-27T18:35:04 IST" skipped="0">
  <testcase classname="DataProviderInTestng.DataProviderWithExcelTest" name="test1" time="0.005"/>
  <system-out/>
  <testcase classname="DataProviderInTestng.DataProviderWithExcelTest" name="test2" time="0.002"/>
  <system-out/>
  <testcase classname="DataProviderInTestng.DataProviderWithExcelTest" name="test2" time="0.001"/>
  <system-out/>
  <testcase classname="DataProviderInTestng.DataProviderWithExcelTest" name="test2" time="0.001"/>
  <system-out/>
  <testcase classname="DataProviderInTestng.DataProviderWithExcelTest" name="test1" time="0.001"/>
  <system-out/>
  <testcase classname="DataProviderInTestng.DataProviderWithExcelTest" name="test1" time="0.001"/>
  <system-out/>
</testsuite> <!-- DataProviderInTestng.DataProviderWithExcelTest -->
