<?xml version="1.0" encoding="UTF-8"?>
<!-- Generated by org.testng.reporters.JUnitReportReporter -->
<testsuite hostname="LAPTOP-INQHA09L" failures="0" tests="6" name="DataProviderInTestng.DataProviderTest2" time="0.011" errors="0" timestamp="2022-04-14T15:42:03 IST" skipped="0">
  <testcase classname="DataProviderInTestng.DataProviderTest2" name="test2" time="0.001"/>
  <system-out/>
  <testcase classname="DataProviderInTestng.DataProviderTest2" name="test1" time="0.001"/>
  <system-out/>
  <testcase classname="DataProviderInTestng.DataProviderTest2" name="test2" time="0.001"/>
  <system-out/>
  <testcase classname="DataProviderInTestng.DataProviderTest2" name="test1" time="0.006"/>
  <system-out/>
  <testcase classname="DataProviderInTestng.DataProviderTest2" name="test2" time="0.001"/>
  <system-out/>
  <testcase classname="DataProviderInTestng.DataProviderTest2" name="test1" time="0.001"/>
  <system-out/>
</testsuite> <!-- DataProviderInTestng.DataProviderTest2 -->
