<?xml version="1.0" encoding="UTF-8"?>
<!-- Generated by org.testng.reporters.JUnitReportReporter -->
<testsuite hostname="LAPTOP-INQHA09L" failures="0" tests="1" name="Pagination.HandingPaginationUsingForLoop" time="18.203" errors="0" timestamp="2022-01-20T17:42:20 IST" skipped="0">
  <testcase classname="Pagination.HandingPaginationUsingForLoop" name="PaginationUsingForLoop" time="18.203"/>
  <system-out/>
</testsuite> <!-- Pagination.HandingPaginationUsingForLoop -->
