<?xml version="1.0" encoding="UTF-8"?>
<!-- Generated by org.testng.reporters.JUnitReportReporter -->
<testsuite hostname="LAPTOP-INQHA09L" failures="0" tests="1" name="DataProviderInTestng.DataProviderWithExcelTest" time="0.000" errors="0" timestamp="2022-04-14T16:31:29 IST" skipped="1">
  <testcase classname="DataProviderInTestng.DataProviderWithExcelTest" name="test1" time="0.000">
    <skipped/>
  </testcase> <!-- test1 -->
  <system-out/>
</testsuite> <!-- DataProviderInTestng.DataProviderWithExcelTest -->
