<?xml version="1.0" encoding="UTF-8"?>
<!-- Generated by org.testng.reporters.JUnitReportReporter -->
<testsuite hostname="LAPTOP-INQHA09L" failures="0" tests="3" name="DataProviderInTestng.DataProviderTest" time="0.008" errors="0" timestamp="2022-04-14T15:26:11 IST" skipped="0">
  <testcase classname="DataProviderInTestng.DataProviderTest" name="test1" time="0.001"/>
  <system-out/>
  <testcase classname="DataProviderInTestng.DataProviderTest" name="test1" time="0.001"/>
  <system-out/>
  <testcase classname="DataProviderInTestng.DataProviderTest" name="test1" time="0.006"/>
  <system-out/>
</testsuite> <!-- DataProviderInTestng.DataProviderTest -->
